<?xml version="1.0" encoding="utf-8"?><testsuites name="pytest tests"><testsuite name="pytest" errors="3" failures="1" skipped="0" tests="25" time="9.385" timestamp="2026-05-05T20:53:32.285707+00:00" hostname="agent-env-e1bae476-58fc-4c34-8c59-8c93eca5be9a"><testcase classname="backend.tests.test_rbac_iter5" name="test_login_each_seeded_role[admin-creds0]" time="4.296" /><testcase classname="backend.tests.test_rbac_iter5" name="test_login_each_seeded_role[vendedor-creds1]" time="0.429" /><testcase classname="backend.tests.test_rbac_iter5" name="test_login_each_seeded_role[sales_ops-creds2]" time="0.410" /><testcase classname="backend.tests.test_rbac_iter5" name="test_login_each_seeded_role[formulador-creds3]" time="0.442" /><testcase classname="backend.tests.test_rbac_iter5" name="test_login_each_seeded_role[qa-creds4]" time="0.497" /><testcase classname="backend.tests.test_rbac_iter5" name="test_login_each_seeded_role[lider_pd-creds5]" time="0.450" /><testcase classname="backend.tests.test_rbac_iter5" name="test_login_each_seeded_role[engenharia_produto-creds6]" time="0.454" /><testcase classname="backend.tests.test_rbac_iter5" name="test_login_each_seeded_role[sucesso_cliente-creds7]" time="0.428" /><testcase classname="backend.tests.test_rbac_iter5" name="test_tasks_dashboard_filters" time="0.386" /><testcase classname="backend.tests.test_rbac_iter5" name="test_rbac_clients_create_forbidden_for_pd" time="0.317" /><testcase classname="backend.tests.test_rbac_iter5" name="test_rbac_clients_create_allowed_comercial" time="0.079"><failure message="AssertionError: {&quot;detail&quot;:&quot;Categoria(s) inválida(s): skincare&quot;}&#10;assert 400 in (200, 201)&#10; +  where 400 = &lt;Response [400]&gt;.status_code">backend/tests/test_rbac_iter5.py:113: in test_rbac_clients_create_allowed_comercial
    assert r.status_code in (200, 201), r.text
E   AssertionError: {"detail":"Categoria(s) inválida(s): skincare"}
E   assert 400 in (200, 201)
E    +  where 400 = &lt;Response [400]&gt;.status_code</failure></testcase><testcase classname="backend.tests.test_rbac_iter5" name="test_rbac_pd_cards_read_vendedor_ok" time="0.062"><error message="failed on setup with &quot;KeyError: 'id'&quot;">backend/tests/test_rbac_iter5.py:122: in seeded_pd_card
    client_id = cl["id"]
                ^^^^^^^^
E   KeyError: 'id'</error></testcase><testcase classname="backend.tests.test_rbac_iter5" name="test_rbac_pd_cards_move_vendedor_forbidden" time="0.000"><error message="failed on setup with &quot;KeyError: 'id'&quot;">backend/tests/test_rbac_iter5.py:122: in seeded_pd_card
    client_id = cl["id"]
                ^^^^^^^^
E   KeyError: 'id'</error></testcase><testcase classname="backend.tests.test_rbac_iter5" name="test_rbac_pd_cards_move_lider_pd_ok" time="0.000"><error message="failed on setup with &quot;KeyError: 'id'&quot;">backend/tests/test_rbac_iter5.py:122: in seeded_pd_card
    client_id = cl["id"]
                ^^^^^^^^
E   KeyError: 'id'</error></testcase><testcase classname="backend.tests.test_rbac_iter5" name="test_rbac_mp_create_vendedor_forbidden" time="0.074" /><testcase classname="backend.tests.test_rbac_iter5" name="test_rbac_mp_create_formulador_ok" time="0.063" /><testcase classname="backend.tests.test_rbac_iter5" name="test_rbac_mp_homologar_only_approvers" time="0.204" /><testcase classname="backend.tests.test_rbac_iter5" name="test_rbac_audit_logs_admin_ok" time="0.064" /><testcase classname="backend.tests.test_rbac_iter5" name="test_rbac_audit_logs_vendedor_forbidden" time="0.072" /><testcase classname="backend.tests.test_rbac_iter5" name="test_rbac_audit_logs_formulador_forbidden" time="0.064" /><testcase classname="backend.tests.test_rbac_iter5" name="test_rbac_audit_logs_qa_ok" time="0.075" /><testcase classname="backend.tests.test_rbac_iter5" name="test_banco_formulas_vendedor_restricted" time="0.071" /><testcase classname="backend.tests.test_rbac_iter5" name="test_banco_formulas_lider_pd_full" time="0.077" /><testcase classname="backend.tests.test_rbac_iter5" name="test_invite_admin_only" time="0.082" /><testcase classname="backend.tests.test_rbac_iter5" name="test_role_update_admin_only" time="0.064" /></testsuite></testsuites>