<?xml version="1.0" encoding="utf-8"?><testsuites name="pytest tests"><testsuite name="pytest" errors="0" failures="0" skipped="1" tests="30" time="10.481" timestamp="2026-05-06T20:35:07.905838+00:00" hostname="agent-env-caa2da1c-6c6c-4383-8025-e59d5d00a218"><testcase classname="backend.tests.test_iter8_rbac_livedocs" name="test_login_seeded_users[admin]" time="0.595" /><testcase classname="backend.tests.test_iter8_rbac_livedocs" name="test_login_seeded_users[vendedor]" time="0.420" /><testcase classname="backend.tests.test_iter8_rbac_livedocs" name="test_login_seeded_users[salesops]" time="0.446" /><testcase classname="backend.tests.test_iter8_rbac_livedocs" name="test_login_seeded_users[formulador]" time="0.456" /><testcase classname="backend.tests.test_iter8_rbac_livedocs" name="test_login_seeded_users[qa]" time="0.593" /><testcase classname="backend.tests.test_iter8_rbac_livedocs" name="test_login_seeded_users[liderpd]" time="0.542" /><testcase classname="backend.tests.test_iter8_rbac_livedocs" name="test_pipelines_admin_ok" time="2.694" /><testcase classname="backend.tests.test_iter8_rbac_livedocs" name="test_pipelines_vendedor_ok" time="0.209" /><testcase classname="backend.tests.test_iter8_rbac_livedocs" name="test_pipelines_formulador_forbidden" time="0.053" /><testcase classname="backend.tests.test_iter8_rbac_livedocs" name="test_pipelines_qa_forbidden" time="0.143" /><testcase classname="backend.tests.test_iter8_rbac_livedocs" name="test_pipelines_liderpd_forbidden" time="0.154" /><testcase classname="backend.tests.test_iter8_rbac_livedocs" name="test_pipelines_board_qa_forbidden" time="0.573" /><testcase classname="backend.tests.test_iter8_rbac_livedocs" name="test_cards_post_formulador_forbidden" time="0.492" /><testcase classname="backend.tests.test_iter8_rbac_livedocs" name="test_cards_post_vendedor_ok" time="0.608" /><testcase classname="backend.tests.test_iter8_rbac_livedocs" name="test_pd_requests_vendedor_forbidden" time="0.216"><skipped type="pytest.xfail" message="BUG: GET /api/pd/requests does NOT enforce require_roles - vendedor gets 200 instead of expected 403" /></testcase><testcase classname="backend.tests.test_iter8_rbac_livedocs" name="test_pd_requests_salesops_ok" time="0.055" /><testcase classname="backend.tests.test_iter8_rbac_livedocs" name="test_live_docs_pending_qa_ok" time="0.089" /><testcase classname="backend.tests.test_iter8_rbac_livedocs" name="test_live_docs_pending_liderpd_ok" time="0.094" /><testcase classname="backend.tests.test_iter8_rbac_livedocs" name="test_live_docs_pending_formulador_ok" time="0.060" /><testcase classname="backend.tests.test_iter8_rbac_livedocs" name="test_live_docs_pending_vendedor_forbidden" time="0.222" /><testcase classname="backend.tests.test_iter8_rbac_livedocs" name="test_live_docs_diff_nonexistent" time="0.094" /><testcase classname="backend.tests.test_iter8_rbac_livedocs" name="test_scheduler_status_ok[admin]" time="0.222" /><testcase classname="backend.tests.test_iter8_rbac_livedocs" name="test_scheduler_status_ok[qa]" time="0.128" /><testcase classname="backend.tests.test_iter8_rbac_livedocs" name="test_scheduler_status_ok[formulador]" time="0.053" /><testcase classname="backend.tests.test_iter8_rbac_livedocs" name="test_scheduler_status_ok[liderpd]" time="0.122" /><testcase classname="backend.tests.test_iter8_rbac_livedocs" name="test_scheduler_status_vendedor_forbidden" time="0.222" /><testcase classname="backend.tests.test_iter8_rbac_livedocs" name="test_run_scheduler_admin_ok" time="0.469" /><testcase classname="backend.tests.test_iter8_rbac_livedocs" name="test_run_scheduler_vendedor_forbidden" time="0.190" /><testcase classname="backend.tests.test_iter8_rbac_livedocs" name="test_run_scheduler_salesops_forbidden" time="0.054" /><testcase classname="backend.tests.test_iter8_rbac_livedocs" name="test_run_scheduler_qa_ok" time="0.117" /></testsuite></testsuites>