<?xml version="1.0" encoding="utf-8"?><testsuites name="pytest tests"><testsuite name="pytest" errors="0" failures="0" skipped="0" tests="19" time="2.687" timestamp="2026-05-07T23:18:05.169338+00:00" hostname="agent-env-ee43edf5-99e2-4d5d-9ff1-24e8bef8a788"><testcase classname="backend.tests.test_orders.TestListOrdersRBAC" name="test_admin_can_list" time="0.561" /><testcase classname="backend.tests.test_orders.TestListOrdersRBAC" name="test_vendedor_can_list" time="0.431" /><testcase classname="backend.tests.test_orders.TestListOrdersRBAC" name="test_formulador_can_list" time="0.400" /><testcase classname="backend.tests.test_orders.TestListOrdersRBAC" name="test_unauthenticated_blocked" time="0.172" /><testcase classname="backend.tests.test_orders.TestAutoCreatedOrder" name="test_auto_created_order_exists" time="0.054" /><testcase classname="backend.tests.test_orders.TestAutoCreatedOrder" name="test_idempotency_no_duplicates" time="0.052" /><testcase classname="backend.tests.test_orders.TestGetOrder" name="test_get_existing_order" time="0.108" /><testcase classname="backend.tests.test_orders.TestGetOrder" name="test_get_nonexistent" time="0.055" /><testcase classname="backend.tests.test_orders.TestOrderCRUD" name="test_create_order" time="0.053" /><testcase classname="backend.tests.test_orders.TestOrderCRUD" name="test_get_created" time="0.055" /><testcase classname="backend.tests.test_orders.TestOrderCRUD" name="test_update_status" time="0.065" /><testcase classname="backend.tests.test_orders.TestOrderCRUD" name="test_update_invalid_status" time="0.058" /><testcase classname="backend.tests.test_orders.TestOrderCRUD" name="test_update_items_recalculates_total" time="0.056" /><testcase classname="backend.tests.test_orders.TestOrderCRUD" name="test_pdf_generation" time="0.072" /><testcase classname="backend.tests.test_orders.TestOrderCRUD" name="test_pdf_for_auto_created" time="0.112" /><testcase classname="backend.tests.test_orders.TestOrderCRUD" name="test_delete_order" time="0.053" /><testcase classname="backend.tests.test_orders.TestOrderCRUD" name="test_get_after_delete_404" time="0.050" /><testcase classname="backend.tests.test_orders.TestFilters" name="test_status_filter" time="0.058" /><testcase classname="backend.tests.test_orders.TestFilters" name="test_search_filter" time="0.054" /></testsuite></testsuites>