<?xml version="1.0" encoding="utf-8"?><testsuites name="pytest tests"><testsuite name="pytest" errors="0" failures="0" skipped="0" tests="15" time="2.274" timestamp="2026-05-06T17:31:55.659896+00:00" hostname="agent-env-f0fb5c0a-bde9-4fad-851c-ffae20526ee9"><testcase classname="backend.tests.test_pd_iter7.TestTaskReminders" name="test_check_reminders_endpoint" time="0.444" /><testcase classname="backend.tests.test_pd_iter7.TestTaskReminders" name="test_create_manual_task" time="0.191" /><testcase classname="backend.tests.test_pd_iter7.TestTaskReminders" name="test_list_tasks" time="0.060" /><testcase classname="backend.tests.test_pd_iter7.TestFormulaLocking" name="test_formula_is_unlocked_initially" time="0.199" /><testcase classname="backend.tests.test_pd_iter7.TestFormulaLocking" name="test_add_item_to_unlocked_formula" time="0.064" /><testcase classname="backend.tests.test_pd_iter7.TestFormulaLocking" name="test_new_version_on_unlocked_formula_returns_400" time="0.059" /><testcase classname="backend.tests.test_pd_iter7.TestFormulaLocking" name="test_new_version_short_justification_returns_422" time="0.066" /><testcase classname="backend.tests.test_pd_iter7.TestFormulaLockingWithLockedFormula" name="test_formula_is_locked_after_in_tests" time="0.461" /><testcase classname="backend.tests.test_pd_iter7.TestFormulaLockingWithLockedFormula" name="test_add_item_to_locked_formula_blocked" time="0.061" /><testcase classname="backend.tests.test_pd_iter7.TestFormulaLockingWithLockedFormula" name="test_new_version_valid_justification" time="0.064" /><testcase classname="backend.tests.test_pd_iter7.TestFormulaLockingWithLockedFormula" name="test_new_version_items_copied" time="0.125" /><testcase classname="backend.tests.test_pd_iter7.TestStabilityStudy" name="test_get_or_create_stability_study" time="0.062" /><testcase classname="backend.tests.test_pd_iter7.TestStabilityStudy" name="test_stability_constants" time="0.064" /><testcase classname="backend.tests.test_pd_iter7.TestStabilityStudy" name="test_study_idempotent" time="0.149" /><testcase classname="backend.tests.test_pd_iter7.TestStabilityStudy" name="test_register_reading" time="0.136" /></testsuite></testsuites>