<?xml version="1.0" encoding="utf-8"?><testsuites name="pytest tests"><testsuite name="pytest" errors="0" failures="0" skipped="0" tests="25" time="6.100" timestamp="2026-05-18T14:13:43.727921+00:00" hostname="agent-env-a2fea62e-5617-4bcd-82af-5e5afe8530e0"><testcase classname="backend.tests.test_kuryos_8_items.TestItem2CatalogSearch" name="test_search_returns_results_ordered_by_price" time="0.496" /><testcase classname="backend.tests.test_kuryos_8_items.TestItem2CatalogSearch" name="test_search_short_query_returns_empty" time="0.056" /><testcase classname="backend.tests.test_kuryos_8_items.TestItem2CatalogSearch" name="test_search_two_char_query_works" time="0.059" /><testcase classname="backend.tests.test_kuryos_8_items.TestItem1EditFormulaItem" name="test_edit_formula_item" time="0.241" /><testcase classname="backend.tests.test_kuryos_8_items.TestItem3OM" name="test_om_get_existing" time="0.065" /><testcase classname="backend.tests.test_kuryos_8_items.TestItem3OM" name="test_om_list" time="0.071" /><testcase classname="backend.tests.test_kuryos_8_items.TestItem3OM" name="test_om_pdf" time="0.071" /><testcase classname="backend.tests.test_kuryos_8_items.TestItem3OM" name="test_om_create_and_status_transitions" time="0.271" /><testcase classname="backend.tests.test_kuryos_8_items.TestItem4FichaNoCosts" name="test_ficha_data_no_costs" time="0.064" /><testcase classname="backend.tests.test_kuryos_8_items.TestItem4FichaNoCosts" name="test_ficha_ui_no_costs_in_formula_items" time="0.061" /><testcase classname="backend.tests.test_kuryos_8_items.TestItem4FichaNoCosts" name="test_ficha_pdf_returns_pdf" time="0.067" /><testcase classname="backend.tests.test_kuryos_8_items.TestItem5CostVersionsRBAC" name="test_admin_sees_full" time="0.078" /><testcase classname="backend.tests.test_kuryos_8_items.TestItem5CostVersionsRBAC" name="test_formulador_sees_v1_full_v2_status_only" time="0.407" /><testcase classname="backend.tests.test_kuryos_8_items.TestItem5CostVersionsRBAC" name="test_vendedor_sees_only_total_final_when_v2_finalized" time="0.433" /><testcase classname="backend.tests.test_kuryos_8_items.TestItem6PDTransitions" name="test_invalid_transition_formulador_400" time="0.072" /><testcase classname="backend.tests.test_kuryos_8_items.TestItem6PDTransitions" name="test_admin_can_skip_validation" time="0.197" /><testcase classname="backend.tests.test_kuryos_8_items.TestItem6PDTransitions" name="test_retroceder_short_justificativa_422" time="0.063" /><testcase classname="backend.tests.test_kuryos_8_items.TestItem6PDTransitions" name="test_retroceder_formulador_creates_pending" time="0.176" /><testcase classname="backend.tests.test_kuryos_8_items.TestItem6PDTransitions" name="test_retroceder_admin_direct" time="0.242" /><testcase classname="backend.tests.test_kuryos_8_items.TestItem6PDTransitions" name="test_retrocesso_decisao_only_admin_or_liderpd" time="0.895" /><testcase classname="backend.tests.test_kuryos_8_items.TestItem6PDTransitions" name="test_entregue_ao_comercial_in_statuses" time="0.236" /><testcase classname="backend.tests.test_kuryos_8_items.TestItem7FormulasBank" name="test_bank_has_fragrance_fields" time="1.375" /><testcase classname="backend.tests.test_kuryos_8_items.TestItem8ModoPreparo" name="test_put_formula_modo_preparo_structured" time="0.115" /><testcase classname="backend.tests.test_kuryos_8_items.TestItem8ModoPreparo" name="test_put_formula_modo_preparo_list_of_strings" time="0.117" /><testcase classname="backend.tests.test_kuryos_8_items.TestItem8ModoPreparo" name="test_put_formula_accepts_extra_fields" time="0.062" /></testsuite></testsuites>