<?xml version="1.0" encoding="utf-8"?><testsuites name="pytest tests"><testsuite name="pytest" errors="0" failures="0" skipped="3" tests="13" time="3.027" timestamp="2026-05-06T16:25:23.110374+00:00" hostname="agent-env-f0fb5c0a-bde9-4fad-851c-ffae20526ee9"><testcase classname="backend.tests.test_pd_module_iter6.TestAuth" name="test_login_formulador" time="0.395" /><testcase classname="backend.tests.test_pd_module_iter6.TestAuth" name="test_login_admin" time="0.356" /><testcase classname="backend.tests.test_pd_module_iter6.TestAuth" name="test_formulador_wrong_password" time="0.360" /><testcase classname="backend.tests.test_pd_module_iter6.TestPDRequests" name="test_list_pd_requests" time="0.486" /><testcase classname="backend.tests.test_pd_module_iter6.TestPDRequests" name="test_pd_request_detail" time="0.159" /><testcase classname="backend.tests.test_pd_module_iter6.TestFormulaItemFornecedor" name="test_add_formula_item_with_fornecedor" time="0.224"><skipped type="pytest.skip" message="Could not create formula: {&quot;detail&quot;:[{&quot;type&quot;:&quot;missing&quot;,&quot;loc&quot;:[&quot;body&quot;,&quot;name&quot;],&quot;msg&quot;:&quot;Field required&quot;,&quot;input&quot;:{&quot;version&quot;:1,&quot;notes&quot;:&quot;TEST Formula&quot;,&quot;volume&quot;:1000,&quot;volume_unit&quot;:&quot;mL&quot;},&quot;url&quot;:&quot;https://errors.pydantic.dev/2.12/v/missing&quot;}]}">/app/backend/tests/test_pd_module_iter6.py:111: Could not create formula: {"detail":[{"type":"missing","loc":["body","name"],"msg":"Field required","input":{"version":1,"notes":"TEST Formula","volume":1000,"volume_unit":"mL"},"url":"https://errors.pydantic.dev/2.12/v/missing"}]}</skipped></testcase><testcase classname="backend.tests.test_pd_module_iter6.TestRNPD02Block" name="test_block_in_tests_no_formula" time="0.239" /><testcase classname="backend.tests.test_pd_module_iter6.TestRNPD02Block" name="test_block_in_tests_formula_without_items" time="0.233"><skipped type="pytest.skip" message="Could not create dev: {&quot;detail&quot;:&quot;Not Found&quot;}">/app/backend/tests/test_pd_module_iter6.py:178: Could not create dev: {"detail":"Not Found"}</skipped></testcase><testcase classname="backend.tests.test_pd_module_iter6.TestRNPD02Block" name="test_block_total_pct_not_100" time="0.209"><skipped type="pytest.skip" message="No dev: {&quot;detail&quot;:&quot;Not Found&quot;}">/app/backend/tests/test_pd_module_iter6.py:209: No dev: {"detail":"Not Found"}</skipped></testcase><testcase classname="backend.tests.test_pd_module_iter6.TestFichaTecnicaUI" name="test_get_ficha_tecnica_ui" time="0.065" /><testcase classname="backend.tests.test_pd_module_iter6.TestFichaTecnicaUI" name="test_put_ficha_tecnica_ui" time="0.074" /><testcase classname="backend.tests.test_pd_module_iter6.TestFichaTecnicaUI" name="test_ficha_tecnica_persistence" time="0.068" /><testcase classname="backend.tests.test_pd_module_iter6.TestFichaTecnicaUI" name="test_ficha_tecnica_put_empty_fails" time="0.073" /></testsuite></testsuites>