<?xml version="1.0" encoding="utf-8"?><testsuites name="pytest tests"><testsuite name="pytest" errors="0" failures="0" skipped="1" tests="18" time="2.639" timestamp="2026-04-24T23:31:44.334274+00:00" hostname="agent-env-b26e687a-8aaf-4ebd-8471-e2b3a4d2e4c8"><testcase classname="backend.tests.test_erp_v3_workflow" name="test_auth_login_admin" time="0.446" /><testcase classname="backend.tests.test_erp_v3_workflow" name="test_admin_reset_data" time="0.529" /><testcase classname="backend.tests.test_erp_v3_workflow" name="test_create_client_generates_audit_log" time="0.103" /><testcase classname="backend.tests.test_erp_v3_workflow" name="test_move_client_prospeccao_to_qualificado_creates_task" time="0.116" /><testcase classname="backend.tests.test_erp_v3_workflow" name="test_move_client_qualificado_to_projeto_is_blocked" time="0.051" /><testcase classname="backend.tests.test_erp_v3_workflow" name="test_complete_blocking_task_and_advance" time="0.158" /><testcase classname="backend.tests.test_erp_v3_workflow" name="test_project_batch_with_fake_client_returns_404" time="0.051" /><testcase classname="backend.tests.test_erp_v3_workflow" name="test_project_created_inherits_and_audits" time="0.153" /><testcase classname="backend.tests.test_erp_v3_workflow" name="test_move_project_to_amostras_generates_task" time="0.115" /><testcase classname="backend.tests.test_erp_v3_workflow" name="test_sample_starts_at_101_with_variacoes" time="0.056" /><testcase classname="backend.tests.test_erp_v3_workflow" name="test_auto_pd_cards_created_for_variacoes" time="0.050" /><testcase classname="backend.tests.test_erp_v3_workflow" name="test_rework_creates_new_sample_102" time="0.056" /><testcase classname="backend.tests.test_erp_v3_workflow" name="test_move_sample_to_retrabalho_is_blocked" time="0.059" /><testcase classname="backend.tests.test_erp_v3_workflow" name="test_move_variacao_to_retrabalho_is_blocked" time="0.047" /><testcase classname="backend.tests.test_erp_v3_workflow" name="test_pd_card_stage_gating_cq_approval" time="0.400" /><testcase classname="backend.tests.test_erp_v3_workflow" name="test_list_tasks_filters" time="0.054" /><testcase classname="backend.tests.test_erp_v3_workflow" name="test_list_audit_logs_admin" time="0.049" /><testcase classname="backend.tests.test_erp_v3_workflow" name="test_audit_logs_forbidden_for_vendedor" time="0.048"><skipped type="pytest.skip" message="invite endpoint unavailable: 400">/app/backend/tests/test_erp_v3_workflow.py:334: invite endpoint unavailable: 400</skipped></testcase></testsuite></testsuites>